<?xml version="1.0" encoding="UTF-8"?>
<!-- Generated by org.testng.reporters.JUnitXMLReporter -->
<testsuite ignored="0" hostname="DESKTOP-9UVEL6V" failures="2" tests="13" name="Test" time="116.922" errors="0" timestamp="2024-07-28T18:43:32 IST">
  <testcase classname="testcases.Tc002_LoginTest" name="verify_login" time="23.886"/>
  <testcase classname="testcases.Tc002_LoginTest" name="verify_login" time="11.247"/>
  <testcase classname="testcases.Tc002_LoginTest" name="verify_login" time="11.069"/>
  <testcase classname="testcases.Tc002_LoginTest" name="verify_login" time="16.05"/>
  <testcase classname="testcases.Tc002_LoginTest" name="verify_login" time="11.085"/>
  <testcase classname="testcases.Tc002_LoginTest" name="CheckForgotpasswordpage" time="0.784"/>
  <testcase classname="testcases.Tc002_LoginTest" name="validate_bykeyboardkeys" time="6.118"/>
  <testcase classname="testcases.Tc002_LoginTest" name="validate_byPlaceholdertext" time="0.547"/>
  <testcase classname="testcases.Tc002_LoginTest" name="validate_usingbrowserbackbutton_Login" time="4.144"/>
  <testcase classname="testcases.Tc002_LoginTest" name="validate_Logoutfunctionality" time="4.531"/>
  <testcase classname="testcases.Tc002_LoginTest" name="validate_no_of_unsuccesfull_login" time="1.411">
    <failure type="java.lang.AssertionError" message="null">
      <![CDATA[java.lang.AssertionError: null
at testcases.Tc002_LoginTest.validate_no_of_unsuccesfull_login(Tc002_LoginTest.java:267)
at java.base/java.util.ArrayList.forEach(ArrayList.java:1511)
... Removed 29 stack frames]]>
    </failure>
  </testcase> <!-- validate_no_of_unsuccesfull_login -->
  <testcase classname="testcases.Tc002_LoginTest" name="Validate_PasswordFieldVisibility" time="0.655"/>
  <testcase classname="testcases.Tc002_LoginTest" name="Validating_copyingofthetext_entered_into_the_Passwordfield" time="1.363">
    <failure type="java.util.NoSuchElementException" message="Copy option not found in the context menu.">
      <![CDATA[java.util.NoSuchElementException: Copy option not found in the context menu.
at pageobjects.Loginpage.isCopyOptionEnabled(Loginpage.java:245)
at testcases.Tc002_LoginTest.Validating_copyingofthetext_entered_into_the_Passwordfield(Tc002_LoginTest.java:308)
at java.base/java.util.ArrayList.forEach(ArrayList.java:1511)
... Removed 27 stack frames]]>
    </failure>
  </testcase> <!-- Validating_copyingofthetext_entered_into_the_Passwordfield -->
</testsuite> <!-- Test -->
