<?xml version="1.0" encoding="UTF-8"?>
<!-- Generated by org.testng.reporters.JUnitXMLReporter -->
<testsuite ignored="0" hostname="DESKTOP-9UVEL6V" failures="1" tests="1" name="Test" time="31.133" errors="0" timestamp="2024-07-06T23:12:16 IST">
  <testcase classname="testcases.Tc002_LoginTest" name="verify_login" time="11.524">
    <failure type="java.lang.AssertionError" message="null">
      <![CDATA[java.lang.AssertionError: null
at testcases.Tc002_LoginTest.verify_login(Tc002_LoginTest.java:35)
at java.base/java.util.ArrayList.forEach(ArrayList.java:1597)
... Removed 31 stack frames]]>
    </failure>
  </testcase> <!-- verify_login -->
</testsuite> <!-- Test -->
