<?xml version="1.0" encoding="UTF-8"?>
<!-- Generated by org.testng.reporters.JUnitXMLReporter -->
<testsuite ignored="8" hostname="DESKTOP-9UVEL6V" failures="1" tests="1" name="Test(failed)" time="20.591" errors="0" timestamp="2024-07-27T21:12:13 IST">
  <testcase classname="testcases.Tc002_LoginTest" name="validate_no_of_unsuccesfull_login" time="0.012">
    <failure type="java.lang.NullPointerException" message="Cannot invoke &amp;quot;pageobjects.Homepage1.clicklnkMyaccount()&amp;quot; because &amp;quot;this.hp&amp;quot; is null">
      <![CDATA[java.lang.NullPointerException: Cannot invoke "pageobjects.Homepage1.clicklnkMyaccount()" because "this.hp" is null
at testcases.Tc002_LoginTest.validate_no_of_unsuccesfull_login(Tc002_LoginTest.java:244)
at java.base/java.util.ArrayList.forEach(ArrayList.java:1511)
... Removed 27 stack frames]]>
    </failure>
  </testcase> <!-- validate_no_of_unsuccesfull_login -->
  <testcase classname="testcases.Tc002_LoginTest" name="Validating_copyingofthetext_entered_into_the_Passwordfield" time="0.0">
    <ignored/>
  </testcase> <!-- Validating_copyingofthetext_entered_into_the_Passwordfield -->
  <testcase classname="testcases.Tc002_LoginTest" name="validate_byPlaceholdertext" time="0.0">
    <ignored/>
  </testcase> <!-- validate_byPlaceholdertext -->
  <testcase classname="testcases.Tc002_LoginTest" name="validate_usingbrowserbackbutton_Login" time="0.0">
    <ignored/>
  </testcase> <!-- validate_usingbrowserbackbutton_Login -->
  <testcase classname="testcases.Tc002_LoginTest" name="validate_Logoutfunctionality" time="0.0">
    <ignored/>
  </testcase> <!-- validate_Logoutfunctionality -->
  <testcase classname="testcases.Tc002_LoginTest" name="verify_login" time="0.0">
    <ignored/>
  </testcase> <!-- verify_login -->
  <testcase classname="testcases.Tc002_LoginTest" name="CheckForgotpasswordpage" time="0.0">
    <ignored/>
  </testcase> <!-- CheckForgotpasswordpage -->
  <testcase classname="testcases.Tc002_LoginTest" name="validate_bykeyboardkeys" time="0.0">
    <ignored/>
  </testcase> <!-- validate_bykeyboardkeys -->
  <testcase classname="testcases.Tc002_LoginTest" name="Validate_PasswordFieldVisibility" time="0.0">
    <ignored/>
  </testcase> <!-- Validate_PasswordFieldVisibility -->
</testsuite> <!-- Test(failed) -->
